<?xml version="1.0" encoding="UTF-8"?>
<testng-results skipped="0" failed="0" ignored="0" total="1" passed="1">
  <reporter-output>
  </reporter-output>
  <suite name="IGE" duration-ms="27187" started-at="2019-12-12T07:19:48Z" finished-at="2019-12-12T07:20:15Z">
    <groups>
      <group name="cucumber">
        <method signature="AbstractTestNGCucumberTests.feature(cucumber.api.testng.CucumberFeatureWrapper)[pri:0, instance:runners.Runner_elgs@159c4b8]" name="feature" class="cucumber.api.testng.AbstractTestNGCucumberTests"/>
      </group> <!-- cucumber -->
    </groups>
    <test name="US1223964" duration-ms="27187" started-at="2019-12-12T07:19:48Z" finished-at="2019-12-12T07:20:15Z">
      <class name="runners.Runner_elgs">
        <test-method status="PASS" signature="setUpClass()[pri:0, instance:runners.Runner_elgs@159c4b8]" name="setUpClass" is-config="true" duration-ms="1097" started-at="2019-12-12T12:49:48Z" finished-at="2019-12-12T12:49:49Z">
          <reporter-output>
          </reporter-output>
        </test-method> <!-- setUpClass -->
        <test-method status="PASS" signature="feature(cucumber.api.testng.CucumberFeatureWrapper)[pri:0, instance:runners.Runner_elgs@159c4b8]" name="feature" duration-ms="23253" started-at="2019-12-12T12:49:50Z" description="Runs Cucumber Feature" data-provider="features" finished-at="2019-12-12T12:50:13Z">
          <params>
            <param index="0">
              <value>
                <![CDATA[To verify Export Results Functionality]]>
              </value>
            </param>
          </params>
          <reporter-output>
          </reporter-output>
        </test-method> <!-- feature -->
        <test-method status="PASS" signature="teardown()[pri:0, instance:runners.Runner_elgs@159c4b8]" name="teardown" is-config="true" duration-ms="147" started-at="2019-12-12T12:50:13Z" finished-at="2019-12-12T12:50:13Z">
          <reporter-output>
          </reporter-output>
        </test-method> <!-- teardown -->
        <test-method status="PASS" signature="tearDownClass()[pri:0, instance:runners.Runner_elgs@159c4b8]" name="tearDownClass" is-config="true" duration-ms="2374" started-at="2019-12-12T12:50:13Z" finished-at="2019-12-12T12:50:15Z">
          <reporter-output>
          </reporter-output>
        </test-method> <!-- tearDownClass -->
      </class> <!-- runners.Runner_elgs -->
      <class name="miscellaneous.BeforeAndAfter">
        <test-method status="PASS" signature="beforeSuit()[pri:0, instance:miscellaneous.BeforeAndAfter@1952a2d]" name="beforeSuit" is-config="true" duration-ms="1846" started-at="2019-12-12T12:49:46Z" finished-at="2019-12-12T12:49:48Z">
          <reporter-output>
          </reporter-output>
        </test-method> <!-- beforeSuit -->
        <test-method status="PASS" signature="afterSuit()[pri:0, instance:miscellaneous.BeforeAndAfter@1952a2d]" name="afterSuit" is-config="true" duration-ms="0" started-at="2019-12-12T12:50:16Z" finished-at="2019-12-12T12:50:16Z">
          <reporter-output>
          </reporter-output>
        </test-method> <!-- afterSuit -->
      </class> <!-- miscellaneous.BeforeAndAfter -->
    </test> <!-- US1223964 -->
  </suite> <!-- IGE -->
</testng-results>
