<?xml version="1.0" encoding="UTF-8"?>
<!-- Generated by org.testng.reporters.JUnitXMLReporter -->
<testsuite hostname="LH7U05CG6272CBT" ignored="0" name="EOBTestCases_GroupExceptions" tests="9" failures="1" timestamp="14 Nov 2018 07:26:43 GMT" time="48.513" errors="0">
  <testcase name="TC_IND_Insert_Chart_ANOC" time="46.508" classname="testCases.ComponentCode_Individual_TestCases">
    <failure type="com.microsoft.sqlserver.jdbc.SQLServerException" message="This driver is not configured for integrated authentication. ClientConnectionId:2a262443-5434-41e7-987f-b4ff4c29af7d">
      <![CDATA[com.microsoft.sqlserver.jdbc.SQLServerException: This driver is not configured for integrated authentication. ClientConnectionId:2a262443-5434-41e7-987f-b4ff4c29af7d
	at com.microsoft.sqlserver.jdbc.SQLServerConnection.terminate(SQLServerConnection.java:2307)
	at com.microsoft.sqlserver.jdbc.AuthenticationJNI.<init>(AuthenticationJNI.java:73)
	at com.microsoft.sqlserver.jdbc.SQLServerConnection.logon(SQLServerConnection.java:3000)
	at com.microsoft.sqlserver.jdbc.SQLServerConnection.access$100(SQLServerConnection.java:81)
	at com.microsoft.sqlserver.jdbc.SQLServerConnection$LogonCommand.doExecute(SQLServerConnection.java:2992)
	at com.microsoft.sqlserver.jdbc.TDSCommand.execute(IOBuffer.java:7024)
	at com.microsoft.sqlserver.jdbc.SQLServerConnection.executeCommand(SQLServerConnection.java:2350)
	at com.microsoft.sqlserver.jdbc.SQLServerConnection.connectHelper(SQLServerConnection.java:1932)
	at com.microsoft.sqlserver.jdbc.SQLServerConnection.login(SQLServerConnection.java:1612)
	at com.microsoft.sqlserver.jdbc.SQLServerConnection.connectInternal(SQLServerConnection.java:1458)
	at com.microsoft.sqlserver.jdbc.SQLServerConnection.connect(SQLServerConnection.java:840)
	at com.microsoft.sqlserver.jdbc.SQLServerDriver.connect(SQLServerDriver.java:561)
	at java.sql.DriverManager.getConnection(DriverManager.java:664)
	at java.sql.DriverManager.getConnection(DriverManager.java:270)
	at utilities.Utils.connectToSqlserverDB(Utils.java:131)
	at miscellaneous.Excel_Compare_ComponentCode.DB_data(Excel_Compare_ComponentCode.java:73)
	at miscellaneous.Excel_Compare_ComponentCode.Input_data(Excel_Compare_ComponentCode.java:135)
	at miscellaneous.Excel_Compare_ComponentCode.generateCompareReport(Excel_Compare_ComponentCode.java:337)
	at testCases.ComponentCode_Individual_TestCases.TC_IND_Insert_Chart_ANOC(ComponentCode_Individual_TestCases.java:42)
Caused by: java.lang.UnsatisfiedLinkError: no sqljdbc_auth in java.library.path
	at java.lang.ClassLoader.loadLibrary(ClassLoader.java:1867)
	at java.lang.Runtime.loadLibrary0(Runtime.java:870)
	at java.lang.System.loadLibrary(System.java:1122)
	at com.microsoft.sqlserver.jdbc.AuthenticationJNI.<clinit>(AuthenticationJNI.java:48)
	... 45 more
... Removed 28 stack frames]]>
    </failure>
  </testcase> <!-- TC_IND_Insert_Chart_ANOC -->
  <testcase name="TC_IND_Update_Chart_ANOC" time="0.008" classname="testCases.ComponentCode_Individual_TestCases">
    <skipped/>
  </testcase> <!-- TC_IND_Update_Chart_ANOC -->
  <testcase name="TC_IND_Delete_Chart_ANOC" time="0.003" classname="testCases.ComponentCode_Individual_TestCases">
    <skipped/>
  </testcase> <!-- TC_IND_Delete_Chart_ANOC -->
  <testcase name="TC_IND_ErrorMessage_InvalidPlanData" time="0.004" classname="testCases.ComponentCode_Individual_TestCases">
    <skipped/>
  </testcase> <!-- TC_IND_ErrorMessage_InvalidPlanData -->
  <testcase name="TC_IND_ErrorMessage_InvalidPlanYear" time="0.003" classname="testCases.ComponentCode_Individual_TestCases">
    <skipped/>
  </testcase> <!-- TC_IND_ErrorMessage_InvalidPlanYear -->
  <testcase name="TC_IND_ErrorMessage_Max30Chars" time="0.004" classname="testCases.ComponentCode_Individual_TestCases">
    <skipped/>
  </testcase> <!-- TC_IND_ErrorMessage_Max30Chars -->
  <testcase name="TC_IND_ErrorMessage_Min4Chars" time="0.003" classname="testCases.ComponentCode_Individual_TestCases">
    <skipped/>
  </testcase> <!-- TC_IND_ErrorMessage_Min4Chars -->
  <testcase name="individual_serach_chart" time="0.03" classname="testCases.ComponentCode_Individual_TestCases">
    <skipped/>
  </testcase> <!-- individual_serach_chart -->
  <testcase name="TC_IND_Search_Chart" time="0.025" classname="testCases.ComponentCode_Individual_TestCases">
    <skipped/>
  </testcase> <!-- TC_IND_Search_Chart -->
</testsuite> <!-- EOBTestCases_GroupExceptions -->
